{"/Users/canberkonem/Desktop/testing-workshop/divide/divide.js": {"path":"/Users/canberkonem/Desktop/testing-workshop/divide/divide.js","statementMap":{"0":{"start":{"line":2,"column":4},"end":{"line":4,"column":5}},"1":{"start":{"line":3,"column":8},"end":{"line":3,"column":61}},"2":{"start":{"line":6,"column":4},"end":{"line":8,"column":5}},"3":{"start":{"line":7,"column":8},"end":{"line":7,"column":59}},"4":{"start":{"line":10,"column":4},"end":{"line":10,"column":23}},"5":{"start":{"line":12,"column":2},"end":{"line":12,"column":26}}},"fnMap":{"0":{"name":"divide","decl":{"start":{"line":1,"column":9},"end":{"line":1,"column":15}},"loc":{"start":{"line":1,"column":28},"end":{"line":11,"column":3}},"line":1}},"branchMap":{"0":{"loc":{"start":{"line":2,"column":4},"end":{"line":4,"column":5}},"type":"if","locations":[{"start":{"line":2,"column":4},"end":{"line":4,"column":5}},{"start":{"line":2,"column":4},"end":{"line":4,"column":5}}],"line":2},"1":{"loc":{"start":{"line":6,"column":4},"end":{"line":8,"column":5}},"type":"if","locations":[{"start":{"line":6,"column":4},"end":{"line":8,"column":5}},{"start":{"line":6,"column":4},"end":{"line":8,"column":5}}],"line":6},"2":{"loc":{"start":{"line":6,"column":7},"end":{"line":6,"column":59}},"type":"binary-expr","locations":[{"start":{"line":6,"column":7},"end":{"line":6,"column":31}},{"start":{"line":6,"column":35},"end":{"line":6,"column":59}}],"line":6}},"s":{"0":3,"1":1,"2":2,"3":1,"4":1,"5":1},"f":{"0":3},"b":{"0":[1,2],"1":[1,1],"2":[2,2]},"_coverageSchema":"1a1c01bbd47fc00a2c39e90264f33305004495a9","hash":"5e47f409fac78ce71e67f4bb5b8eeb1c229be70c"}
,"/Users/canberkonem/Desktop/testing-workshop/postFunction/services/product-provider.js": {"path":"/Users/canberkonem/Desktop/testing-workshop/postFunction/services/product-provider.js","statementMap":{"0":{"start":{"line":7,"column":8},"end":{"line":14,"column":9}},"1":{"start":{"line":8,"column":25},"end":{"line":10,"column":11}},"2":{"start":{"line":11,"column":10},"end":{"line":11,"column":29}},"3":{"start":{"line":13,"column":10},"end":{"line":13,"column":21}}},"fnMap":{"0":{"name":"(anonymous_0)","decl":{"start":{"line":4,"column":4},"end":{"line":4,"column":5}},"loc":{"start":{"line":4,"column":18},"end":{"line":4,"column":20}},"line":4},"1":{"name":"(anonymous_1)","decl":{"start":{"line":6,"column":4},"end":{"line":6,"column":5}},"loc":{"start":{"line":6,"column":21},"end":{"line":15,"column":7}},"line":6}},"branchMap":{},"s":{"0":2,"1":2,"2":1,"3":1},"f":{"0":2,"1":2},"b":{},"_coverageSchema":"1a1c01bbd47fc00a2c39e90264f33305004495a9","hash":"667f449cba839aafd060f6040877095e6b913602"}
,"/Users/canberkonem/Desktop/testing-workshop/postFunction/services/product-service.js": {"path":"/Users/canberkonem/Desktop/testing-workshop/postFunction/services/product-service.js","statementMap":{"0":{"start":{"line":3,"column":8},"end":{"line":3,"column":46}},"1":{"start":{"line":6,"column":22},"end":{"line":6,"column":59}},"2":{"start":{"line":7,"column":28},"end":{"line":7,"column":30}},"3":{"start":{"line":9,"column":8},"end":{"line":11,"column":9}},"4":{"start":{"line":10,"column":12},"end":{"line":10,"column":21}},"5":{"start":{"line":13,"column":8},"end":{"line":19,"column":9}},"6":{"start":{"line":14,"column":12},"end":{"line":18,"column":13}},"7":{"start":{"line":15,"column":16},"end":{"line":15,"column":44}},"8":{"start":{"line":17,"column":16},"end":{"line":17,"column":46}},"9":{"start":{"line":21,"column":33},"end":{"line":21,"column":121}},"10":{"start":{"line":21,"column":77},"end":{"line":21,"column":120}},"11":{"start":{"line":22,"column":39},"end":{"line":27,"column":11}},"12":{"start":{"line":23,"column":22},"end":{"line":23,"column":53}},"13":{"start":{"line":24,"column":22},"end":{"line":27,"column":9}},"14":{"start":{"line":29,"column":8},"end":{"line":29,"column":37}}},"fnMap":{"0":{"name":"(anonymous_0)","decl":{"start":{"line":2,"column":4},"end":{"line":2,"column":5}},"loc":{"start":{"line":2,"column":32},"end":{"line":4,"column":5}},"line":2},"1":{"name":"(anonymous_1)","decl":{"start":{"line":5,"column":4},"end":{"line":5,"column":5}},"loc":{"start":{"line":5,"column":35},"end":{"line":30,"column":5}},"line":5},"2":{"name":"(anonymous_2)","decl":{"start":{"line":21,"column":67},"end":{"line":21,"column":68}},"loc":{"start":{"line":21,"column":77},"end":{"line":21,"column":120}},"line":21},"3":{"name":"(anonymous_3)","decl":{"start":{"line":23,"column":16},"end":{"line":23,"column":17}},"loc":{"start":{"line":23,"column":22},"end":{"line":23,"column":53}},"line":23},"4":{"name":"(anonymous_4)","decl":{"start":{"line":24,"column":13},"end":{"line":24,"column":14}},"loc":{"start":{"line":24,"column":22},"end":{"line":27,"column":9}},"line":24}},"branchMap":{"0":{"loc":{"start":{"line":9,"column":8},"end":{"line":11,"column":9}},"type":"if","locations":[{"start":{"line":9,"column":8},"end":{"line":11,"column":9}},{"start":{"line":9,"column":8},"end":{"line":11,"column":9}}],"line":9},"1":{"loc":{"start":{"line":14,"column":12},"end":{"line":18,"column":13}},"type":"if","locations":[{"start":{"line":14,"column":12},"end":{"line":18,"column":13}},{"start":{"line":14,"column":12},"end":{"line":18,"column":13}}],"line":14},"2":{"loc":{"start":{"line":21,"column":77},"end":{"line":21,"column":120}},"type":"cond-expr","locations":[{"start":{"line":21,"column":115},"end":{"line":21,"column":116}},{"start":{"line":21,"column":119},"end":{"line":21,"column":120}}],"line":21}},"s":{"0":1,"1":2,"2":2,"3":2,"4":1,"5":1,"6":3,"7":1,"8":2,"9":1,"10":1,"11":1,"12":3,"13":2,"14":1},"f":{"0":1,"1":2,"2":1,"3":3,"4":2},"b":{"0":[1,1],"1":[1,2],"2":[1,0]},"_coverageSchema":"1a1c01bbd47fc00a2c39e90264f33305004495a9","hash":"fec002d8b16f7cabe108e423ef10e106d275ee07"}
,"/Users/canberkonem/Desktop/testing-workshop/upperCaseTitle/setUpperCase.js": {"path":"/Users/canberkonem/Desktop/testing-workshop/upperCaseTitle/setUpperCase.js","statementMap":{"0":{"start":{"line":2,"column":4},"end":{"line":4,"column":5}},"1":{"start":{"line":3,"column":6},"end":{"line":3,"column":18}},"2":{"start":{"line":6,"column":4},"end":{"line":14,"column":14}},"3":{"start":{"line":9,"column":6},"end":{"line":13,"column":7}},"4":{"start":{"line":10,"column":8},"end":{"line":10,"column":19}},"5":{"start":{"line":12,"column":8},"end":{"line":12,"column":50}},"6":{"start":{"line":18,"column":4},"end":{"line":18,"column":42}},"7":{"start":{"line":22,"column":2},"end":{"line":22,"column":31}}},"fnMap":{"0":{"name":"setUpperCase","decl":{"start":{"line":1,"column":9},"end":{"line":1,"column":21}},"loc":{"start":{"line":1,"column":29},"end":{"line":15,"column":3}},"line":1},"1":{"name":"(anonymous_1)","decl":{"start":{"line":8,"column":9},"end":{"line":8,"column":10}},"loc":{"start":{"line":8,"column":17},"end":{"line":13,"column":8}},"line":8},"2":{"name":"isConjuctionWord","decl":{"start":{"line":17,"column":11},"end":{"line":17,"column":27}},"loc":{"start":{"line":17,"column":33},"end":{"line":19,"column":3}},"line":17}},"branchMap":{"0":{"loc":{"start":{"line":2,"column":4},"end":{"line":4,"column":5}},"type":"if","locations":[{"start":{"line":2,"column":4},"end":{"line":4,"column":5}},{"start":{"line":2,"column":4},"end":{"line":4,"column":5}}],"line":2},"1":{"loc":{"start":{"line":9,"column":6},"end":{"line":13,"column":7}},"type":"if","locations":[{"start":{"line":9,"column":6},"end":{"line":13,"column":7}},{"start":{"line":9,"column":6},"end":{"line":13,"column":7}}],"line":9},"2":{"loc":{"start":{"line":18,"column":11},"end":{"line":18,"column":42}},"type":"binary-expr","locations":[{"start":{"line":18,"column":11},"end":{"line":18,"column":25}},{"start":{"line":18,"column":29},"end":{"line":18,"column":42}}],"line":18}},"s":{"0":3,"1":1,"2":2,"3":15,"4":2,"5":13,"6":15,"7":1},"f":{"0":3,"1":15,"2":15},"b":{"0":[1,2],"1":[2,13],"2":[15,14]},"_coverageSchema":"1a1c01bbd47fc00a2c39e90264f33305004495a9","hash":"3ba404ae54e6f149442692ab7320376b6bbfe644"}
}
