TN:
SF:divide/divide.js
FN:1,divide
FNF:1
FNH:1
FNDA:3,divide
DA:2,3
DA:3,1
DA:6,2
DA:7,1
DA:10,1
DA:12,1
LF:6
LH:6
BRDA:2,0,0,1
BRDA:2,0,1,2
BRDA:6,1,0,1
BRDA:6,1,1,1
BRDA:6,2,0,2
BRDA:6,2,1,2
BRF:6
BRH:6
end_of_record
TN:
SF:postFunction/services/product-provider.js
FN:4,(anonymous_0)
FN:6,(anonymous_1)
FNF:2
FNH:2
FNDA:2,(anonymous_0)
FNDA:2,(anonymous_1)
DA:7,2
DA:8,2
DA:11,1
DA:13,1
LF:4
LH:4
BRF:0
BRH:0
end_of_record
TN:
SF:postFunction/services/product-service.js
FN:2,(anonymous_0)
FN:5,(anonymous_1)
FN:21,(anonymous_2)
FN:23,(anonymous_3)
FN:24,(anonymous_4)
FNF:5
FNH:5
FNDA:1,(anonymous_0)
FNDA:2,(anonymous_1)
FNDA:1,(anonymous_2)
FNDA:3,(anonymous_3)
FNDA:2,(anonymous_4)
DA:3,1
DA:6,2
DA:7,2
DA:9,2
DA:10,1
DA:13,1
DA:14,3
DA:15,1
DA:17,2
DA:21,1
DA:22,1
DA:23,3
DA:24,2
DA:29,1
LF:14
LH:14
BRDA:9,0,0,1
BRDA:9,0,1,1
BRDA:14,1,0,1
BRDA:14,1,1,2
BRDA:21,2,0,1
BRDA:21,2,1,0
BRF:6
BRH:5
end_of_record
TN:
SF:upperCaseTitle/setUpperCase.js
FN:1,setUpperCase
FN:8,(anonymous_1)
FN:17,isConjuctionWord
FNF:3
FNH:3
FNDA:3,setUpperCase
FNDA:15,(anonymous_1)
FNDA:15,isConjuctionWord
DA:2,3
DA:3,1
DA:6,2
DA:9,15
DA:10,2
DA:12,13
DA:18,15
DA:22,1
LF:8
LH:8
BRDA:2,0,0,1
BRDA:2,0,1,2
BRDA:9,1,0,2
BRDA:9,1,1,13
BRDA:18,2,0,15
BRDA:18,2,1,14
BRF:6
BRH:6
end_of_record
